{"C:\\ComplaintAppV1\\app-backend\\src\\common\\prisma.ts": {"path":"C:\\ComplaintAppV1\\app-backend\\src\\common\\prisma.ts","statementMap":{"0":{"start":{"line":1,"column":0},"end":{"line":1,"column":46}},"1":{"start":{"line":3,"column":15},"end":{"line":3,"column":33}},"2":{"start":{"line":4,"column":0},"end":{"line":4,"column":22}}},"fnMap":{},"branchMap":{},"s":{"0":1,"1":1,"2":1},"f":{},"b":{}}
,"C:\\ComplaintAppV1\\app-backend\\src\\lookup\\app.ts": {"path":"C:\\ComplaintAppV1\\app-backend\\src\\lookup\\app.ts","statementMap":{"0":{"start":{"line":1,"column":0},"end":{"line":1,"column":67}},"1":{"start":{"line":2,"column":0},"end":{"line":2,"column":28}},"2":{"start":{"line":3,"column":0},"end":{"line":3,"column":24}},"3":{"start":{"line":4,"column":0},"end":{"line":4,"column":43}},"4":{"start":{"line":5,"column":0},"end":{"line":5,"column":24}},"5":{"start":{"line":6,"column":0},"end":{"line":6,"column":36}},"6":{"start":{"line":7,"column":0},"end":{"line":7,"column":36}},"7":{"start":{"line":9,"column":15},"end":{"line":11,"column":2}},"8":{"start":{"line":13,"column":12},"end":{"line":13,"column":21}},"9":{"start":{"line":14,"column":0},"end":{"line":14,"column":26}},"10":{"start":{"line":17,"column":0},"end":{"line":17,"column":72}},"11":{"start":{"line":18,"column":0},"end":{"line":18,"column":32}},"12":{"start":{"line":19,"column":0},"end":{"line":19,"column":40}},"13":{"start":{"line":20,"column":0},"end":{"line":20,"column":48}},"14":{"start":{"line":21,"column":0},"end":{"line":28,"column":2}},"15":{"start":{"line":31,"column":0},"end":{"line":35,"column":3}},"16":{"start":{"line":32,"column":2},"end":{"line":32,"column":24}},"17":{"start":{"line":33,"column":2},"end":{"line":33,"column":84}},"18":{"start":{"line":34,"column":2},"end":{"line":34,"column":9}},"19":{"start":{"line":38,"column":0},"end":{"line":38,"column":63}},"20":{"start":{"line":38,"column":35},"end":{"line":38,"column":61}},"21":{"start":{"line":41,"column":0},"end":{"line":41,"column":34}},"22":{"start":{"line":44,"column":0},"end":{"line":44,"column":84}},"23":{"start":{"line":44,"column":22},"end":{"line":44,"column":82}},"24":{"start":{"line":47,"column":0},"end":{"line":54,"column":2}},"25":{"start":{"line":49,"column":4},"end":{"line":49,"column":90}},"26":{"start":{"line":50,"column":4},"end":{"line":52,"column":7}},"27":{"start":{"line":56,"column":0},"end":{"line":56,"column":19}}},"fnMap":{"0":{"name":"(anonymous_1)","decl":{"start":{"line":31,"column":8},"end":{"line":31,"column":9}},"loc":{"start":{"line":31,"column":79},"end":{"line":35,"column":1}}},"1":{"name":"(anonymous_2)","decl":{"start":{"line":38,"column":20},"end":{"line":38,"column":21}},"loc":{"start":{"line":38,"column":35},"end":{"line":38,"column":61}}},"2":{"name":"(anonymous_3)","decl":{"start":{"line":44,"column":8},"end":{"line":44,"column":9}},"loc":{"start":{"line":44,"column":22},"end":{"line":44,"column":82}}},"3":{"name":"(anonymous_4)","decl":{"start":{"line":48,"column":2},"end":{"line":48,"column":3}},"loc":{"start":{"line":48,"column":107},"end":{"line":53,"column":3}}}},"branchMap":{"0":{"loc":{"start":{"line":10,"column":9},"end":{"line":10,"column":65}},"type":"cond-expr","locations":[{"start":{"line":10,"column":49},"end":{"line":10,"column":55}},{"start":{"line":10,"column":58},"end":{"line":10,"column":65}}]},"1":{"loc":{"start":{"line":50,"column":15},"end":{"line":50,"column":78}},"type":"cond-expr","locations":[{"start":{"line":50,"column":62},"end":{"line":50,"column":72}},{"start":{"line":50,"column":75},"end":{"line":50,"column":78}}]},"2":{"loc":{"start":{"line":50,"column":15},"end":{"line":50,"column":59}},"type":"binary-expr","locations":[{"start":{"line":50,"column":15},"end":{"line":50,"column":25}},{"start":{"line":50,"column":29},"end":{"line":50,"column":59}}]},"3":{"loc":{"start":{"line":51,"column":13},"end":{"line":51,"column":51}},"type":"binary-expr","locations":[{"start":{"line":51,"column":13},"end":{"line":51,"column":24}},{"start":{"line":51,"column":28},"end":{"line":51,"column":51}}]}},"s":{"0":1,"1":1,"2":1,"3":1,"4":1,"5":1,"6":1,"7":1,"8":1,"9":1,"10":1,"11":1,"12":1,"13":1,"14":1,"15":1,"16":11,"17":11,"18":11,"19":1,"20":1,"21":1,"22":1,"23":1,"24":1,"25":0,"26":0,"27":1},"f":{"0":11,"1":1,"2":1,"3":0},"b":{"0":[0,1],"1":[0,0],"2":[0,0],"3":[0,0]}}
,"C:\\ComplaintAppV1\\app-backend\\src\\lookup\\routes.ts": {"path":"C:\\ComplaintAppV1\\app-backend\\src\\lookup\\routes.ts","statementMap":{"0":{"start":{"line":1,"column":0},"end":{"line":1,"column":52}},"1":{"start":{"line":2,"column":0},"end":{"line":2,"column":38}},"2":{"start":{"line":4,"column":15},"end":{"line":4,"column":23}},"3":{"start":{"line":14,"column":2},"end":{"line":14,"column":49}},"4":{"start":{"line":14,"column":29},"end":{"line":14,"column":49}},"5":{"start":{"line":15,"column":34},"end":{"line":15,"column":51}},"6":{"start":{"line":16,"column":2},"end":{"line":16,"column":70}},"7":{"start":{"line":20,"column":0},"end":{"line":33,"column":3}},"8":{"start":{"line":20,"column":58},"end":{"line":33,"column":2}},"9":{"start":{"line":21,"column":29},"end":{"line":21,"column":67}},"10":{"start":{"line":23,"column":2},"end":{"line":32,"column":3}},"11":{"start":{"line":24,"column":17},"end":{"line":24,"column":72}},"12":{"start":{"line":25,"column":31},"end":{"line":28,"column":7}},"13":{"start":{"line":25,"column":46},"end":{"line":28,"column":6}},"14":{"start":{"line":29,"column":4},"end":{"line":29,"column":65}},"15":{"start":{"line":31,"column":4},"end":{"line":31,"column":68}},"16":{"start":{"line":36,"column":0},"end":{"line":58,"column":3}},"17":{"start":{"line":36,"column":41},"end":{"line":58,"column":2}},"18":{"start":{"line":37,"column":29},"end":{"line":37,"column":67}},"19":{"start":{"line":38,"column":17},"end":{"line":38,"column":64}},"20":{"start":{"line":40,"column":2},"end":{"line":43,"column":3}},"21":{"start":{"line":41,"column":4},"end":{"line":41,"column":90}},"22":{"start":{"line":42,"column":4},"end":{"line":42,"column":11}},"23":{"start":{"line":45,"column":2},"end":{"line":57,"column":3}},"24":{"start":{"line":46,"column":19},"end":{"line":49,"column":6}},"25":{"start":{"line":50,"column":31},"end":{"line":53,"column":7}},"26":{"start":{"line":50,"column":48},"end":{"line":53,"column":6}},"27":{"start":{"line":54,"column":4},"end":{"line":54,"column":64}},"28":{"start":{"line":56,"column":4},"end":{"line":56,"column":65}},"29":{"start":{"line":61,"column":0},"end":{"line":72,"column":3}},"30":{"start":{"line":61,"column":48},"end":{"line":72,"column":2}},"31":{"start":{"line":62,"column":2},"end":{"line":71,"column":3}},"32":{"start":{"line":63,"column":18},"end":{"line":66,"column":6}},"33":{"start":{"line":67,"column":31},"end":{"line":67,"column":75}},"34":{"start":{"line":67,"column":47},"end":{"line":67,"column":73}},"35":{"start":{"line":68,"column":4},"end":{"line":68,"column":65}},"36":{"start":{"line":70,"column":4},"end":{"line":70,"column":72}},"37":{"start":{"line":75,"column":0},"end":{"line":83,"column":3}},"38":{"start":{"line":75,"column":42},"end":{"line":83,"column":2}},"39":{"start":{"line":76,"column":2},"end":{"line":82,"column":3}},"40":{"start":{"line":77,"column":19},"end":{"line":77,"column":88}},"41":{"start":{"line":78,"column":31},"end":{"line":78,"column":94}},"42":{"start":{"line":78,"column":48},"end":{"line":78,"column":92}},"43":{"start":{"line":79,"column":4},"end":{"line":79,"column":65}},"44":{"start":{"line":81,"column":4},"end":{"line":81,"column":76}},"45":{"start":{"line":86,"column":0},"end":{"line":94,"column":3}},"46":{"start":{"line":86,"column":47},"end":{"line":94,"column":2}},"47":{"start":{"line":87,"column":2},"end":{"line":93,"column":3}},"48":{"start":{"line":88,"column":18},"end":{"line":88,"column":83}},"49":{"start":{"line":89,"column":31},"end":{"line":89,"column":79}},"50":{"start":{"line":89,"column":47},"end":{"line":89,"column":77}},"51":{"start":{"line":90,"column":4},"end":{"line":90,"column":65}},"52":{"start":{"line":92,"column":4},"end":{"line":92,"column":70}},"53":{"start":{"line":97,"column":0},"end":{"line":105,"column":3}},"54":{"start":{"line":97,"column":56},"end":{"line":105,"column":2}},"55":{"start":{"line":98,"column":2},"end":{"line":104,"column":3}},"56":{"start":{"line":99,"column":23},"end":{"line":99,"column":96}},"57":{"start":{"line":100,"column":31},"end":{"line":100,"column":84}},"58":{"start":{"line":100,"column":52},"end":{"line":100,"column":82}},"59":{"start":{"line":101,"column":4},"end":{"line":101,"column":65}},"60":{"start":{"line":103,"column":4},"end":{"line":103,"column":79}},"61":{"start":{"line":108,"column":0},"end":{"line":115,"column":3}},"62":{"start":{"line":109,"column":29},"end":{"line":112,"column":4}},"63":{"start":{"line":114,"column":2},"end":{"line":114,"column":77}},"64":{"start":{"line":117,"column":0},"end":{"line":117,"column":22}}},"fnMap":{"0":{"name":"getLabel","decl":{"start":{"line":13,"column":9},"end":{"line":13,"column":17}},"loc":{"start":{"line":13,"column":72},"end":{"line":17,"column":1}}},"1":{"name":"(anonymous_9)","decl":{"start":{"line":20,"column":20},"end":{"line":20,"column":27}},"loc":{"start":{"line":20,"column":58},"end":{"line":33,"column":2}}},"2":{"name":"(anonymous_10)","decl":{"start":{"line":20,"column":58},"end":{"line":20,"column":null}},"loc":{"start":{"line":20,"column":58},"end":{"line":33,"column":1}}},"3":{"name":"(anonymous_11)","decl":{"start":{"line":25,"column":40},"end":{"line":25,"column":41}},"loc":{"start":{"line":25,"column":46},"end":{"line":28,"column":6}}},"4":{"name":"(anonymous_12)","decl":{"start":{"line":36,"column":22},"end":{"line":36,"column":29}},"loc":{"start":{"line":36,"column":41},"end":{"line":58,"column":2}}},"5":{"name":"(anonymous_13)","decl":{"start":{"line":36,"column":41},"end":{"line":36,"column":null}},"loc":{"start":{"line":36,"column":41},"end":{"line":58,"column":1}}},"6":{"name":"(anonymous_14)","decl":{"start":{"line":50,"column":42},"end":{"line":50,"column":43}},"loc":{"start":{"line":50,"column":48},"end":{"line":53,"column":6}}},"7":{"name":"(anonymous_15)","decl":{"start":{"line":61,"column":28},"end":{"line":61,"column":35}},"loc":{"start":{"line":61,"column":48},"end":{"line":72,"column":2}}},"8":{"name":"(anonymous_16)","decl":{"start":{"line":61,"column":48},"end":{"line":61,"column":null}},"loc":{"start":{"line":61,"column":48},"end":{"line":72,"column":1}}},"9":{"name":"(anonymous_17)","decl":{"start":{"line":67,"column":41},"end":{"line":67,"column":42}},"loc":{"start":{"line":67,"column":47},"end":{"line":67,"column":73}}},"10":{"name":"(anonymous_18)","decl":{"start":{"line":75,"column":22},"end":{"line":75,"column":29}},"loc":{"start":{"line":75,"column":42},"end":{"line":83,"column":2}}},"11":{"name":"(anonymous_19)","decl":{"start":{"line":75,"column":42},"end":{"line":75,"column":null}},"loc":{"start":{"line":75,"column":42},"end":{"line":83,"column":1}}},"12":{"name":"(anonymous_20)","decl":{"start":{"line":78,"column":42},"end":{"line":78,"column":43}},"loc":{"start":{"line":78,"column":48},"end":{"line":78,"column":92}}},"13":{"name":"(anonymous_21)","decl":{"start":{"line":86,"column":27},"end":{"line":86,"column":34}},"loc":{"start":{"line":86,"column":47},"end":{"line":94,"column":2}}},"14":{"name":"(anonymous_22)","decl":{"start":{"line":86,"column":47},"end":{"line":86,"column":null}},"loc":{"start":{"line":86,"column":47},"end":{"line":94,"column":1}}},"15":{"name":"(anonymous_23)","decl":{"start":{"line":89,"column":41},"end":{"line":89,"column":42}},"loc":{"start":{"line":89,"column":47},"end":{"line":89,"column":77}}},"16":{"name":"(anonymous_24)","decl":{"start":{"line":97,"column":36},"end":{"line":97,"column":43}},"loc":{"start":{"line":97,"column":56},"end":{"line":105,"column":2}}},"17":{"name":"(anonymous_25)","decl":{"start":{"line":97,"column":56},"end":{"line":97,"column":null}},"loc":{"start":{"line":97,"column":56},"end":{"line":105,"column":1}}},"18":{"name":"(anonymous_26)","decl":{"start":{"line":100,"column":46},"end":{"line":100,"column":47}},"loc":{"start":{"line":100,"column":52},"end":{"line":100,"column":82}}},"19":{"name":"(anonymous_27)","decl":{"start":{"line":108,"column":20},"end":{"line":108,"column":21}},"loc":{"start":{"line":108,"column":34},"end":{"line":115,"column":1}}}},"branchMap":{"0":{"loc":{"start":{"line":14,"column":2},"end":{"line":14,"column":49}},"type":"if","locations":[{"start":{"line":14,"column":2},"end":{"line":14,"column":49}}]},"1":{"loc":{"start":{"line":14,"column":36},"end":{"line":14,"column":48}},"type":"cond-expr","locations":[{"start":{"line":14,"column":36},"end":{"line":14,"column":41}},{"start":{"line":14,"column":45},"end":{"line":14,"column":48}}]},"2":{"loc":{"start":{"line":14,"column":36},"end":{"line":14,"column":45}},"type":"binary-expr","locations":[{"start":{"line":14,"column":36},"end":{"line":14,"column":45}},{"start":{"line":14,"column":36},"end":{"line":14,"column":45}}]},"3":{"loc":{"start":{"line":16,"column":9},"end":{"line":16,"column":69}},"type":"cond-expr","locations":[{"start":{"line":16,"column":25},"end":{"line":16,"column":48}},{"start":{"line":16,"column":51},"end":{"line":16,"column":69}}]},"4":{"loc":{"start":{"line":16,"column":25},"end":{"line":16,"column":48}},"type":"binary-expr","locations":[{"start":{"line":16,"column":25},"end":{"line":16,"column":35}},{"start":{"line":16,"column":39},"end":{"line":16,"column":48}}]},"5":{"loc":{"start":{"line":16,"column":51},"end":{"line":16,"column":69}},"type":"binary-expr","locations":[{"start":{"line":16,"column":51},"end":{"line":16,"column":56}},{"start":{"line":16,"column":60},"end":{"line":16,"column":69}}]},"6":{"loc":{"start":{"line":21,"column":29},"end":{"line":21,"column":67}},"type":"cond-expr","locations":[{"start":{"line":21,"column":55},"end":{"line":21,"column":59}},{"start":{"line":21,"column":62},"end":{"line":21,"column":67}}]},"7":{"loc":{"start":{"line":37,"column":29},"end":{"line":37,"column":67}},"type":"cond-expr","locations":[{"start":{"line":37,"column":55},"end":{"line":37,"column":59}},{"start":{"line":37,"column":62},"end":{"line":37,"column":67}}]},"8":{"loc":{"start":{"line":40,"column":2},"end":{"line":43,"column":3}},"type":"if","locations":[{"start":{"line":40,"column":2},"end":{"line":43,"column":3}}]}},"s":{"0":1,"1":1,"2":1,"3":4,"4":0,"5":4,"6":4,"7":1,"8":1,"9":1,"10":1,"11":1,"12":1,"13":2,"14":1,"15":0,"16":1,"17":3,"18":3,"19":3,"20":3,"21":1,"22":1,"23":2,"24":2,"25":2,"26":2,"27":2,"28":0,"29":1,"30":1,"31":1,"32":1,"33":1,"34":2,"35":1,"36":0,"37":1,"38":1,"39":1,"40":1,"41":1,"42":2,"43":1,"44":0,"45":1,"46":1,"47":1,"48":1,"49":1,"50":3,"51":1,"52":0,"53":1,"54":1,"55":1,"56":1,"57":1,"58":3,"59":1,"60":0,"61":1,"62":1,"63":1,"64":1},"f":{"0":4,"1":1,"2":1,"3":2,"4":3,"5":3,"6":2,"7":1,"8":1,"9":2,"10":1,"11":1,"12":2,"13":1,"14":1,"15":3,"16":1,"17":1,"18":3,"19":1},"b":{"0":[0],"1":[0,0],"2":[0,0],"3":[0,4],"4":[0,0],"5":[4,4],"6":[0,1],"7":[0,3],"8":[1]}}
}
