{"C:\\ComplaintAppV1\\app-backend\\src\\common\\prisma.ts": {"path":"C:\\ComplaintAppV1\\app-backend\\src\\common\\prisma.ts","statementMap":{"0":{"start":{"line":1,"column":0},"end":{"line":1,"column":46}},"1":{"start":{"line":3,"column":15},"end":{"line":5,"column":2}},"2":{"start":{"line":7,"column":0},"end":{"line":7,"column":22}}},"fnMap":{},"branchMap":{},"s":{"0":1,"1":1,"2":1},"f":{},"b":{}}
,"C:\\ComplaintAppV1\\app-backend\\src\\lookup\\app.ts": {"path":"C:\\ComplaintAppV1\\app-backend\\src\\lookup\\app.ts","statementMap":{"0":{"start":{"line":3,"column":0},"end":{"line":3,"column":67}},"1":{"start":{"line":4,"column":0},"end":{"line":4,"column":28}},"2":{"start":{"line":5,"column":0},"end":{"line":5,"column":24}},"3":{"start":{"line":6,"column":0},"end":{"line":6,"column":43}},"4":{"start":{"line":7,"column":0},"end":{"line":7,"column":24}},"5":{"start":{"line":8,"column":0},"end":{"line":8,"column":36}},"6":{"start":{"line":9,"column":0},"end":{"line":9,"column":36}},"7":{"start":{"line":11,"column":15},"end":{"line":11,"column":88}},"8":{"start":{"line":12,"column":12},"end":{"line":12,"column":21}},"9":{"start":{"line":14,"column":0},"end":{"line":14,"column":26}},"10":{"start":{"line":17,"column":0},"end":{"line":17,"column":18}},"11":{"start":{"line":18,"column":0},"end":{"line":18,"column":32}},"12":{"start":{"line":19,"column":0},"end":{"line":19,"column":40}},"13":{"start":{"line":20,"column":0},"end":{"line":20,"column":48}},"14":{"start":{"line":22,"column":16},"end":{"line":22,"column":57}},"15":{"start":{"line":23,"column":0},"end":{"line":23,"column":17}},"16":{"start":{"line":25,"column":0},"end":{"line":29,"column":3}},"17":{"start":{"line":26,"column":2},"end":{"line":26,"column":24}},"18":{"start":{"line":27,"column":2},"end":{"line":27,"column":84}},"19":{"start":{"line":28,"column":2},"end":{"line":28,"column":9}},"20":{"start":{"line":32,"column":0},"end":{"line":32,"column":82}},"21":{"start":{"line":32,"column":54},"end":{"line":32,"column":80}},"22":{"start":{"line":35,"column":0},"end":{"line":35,"column":34}},"23":{"start":{"line":38,"column":0},"end":{"line":40,"column":3}},"24":{"start":{"line":39,"column":2},"end":{"line":39,"column":63}},"25":{"start":{"line":43,"column":0},"end":{"line":50,"column":3}},"26":{"start":{"line":44,"column":2},"end":{"line":44,"column":90}},"27":{"start":{"line":47,"column":21},"end":{"line":47,"column":89}},"28":{"start":{"line":49,"column":2},"end":{"line":49,"column":75}},"29":{"start":{"line":52,"column":0},"end":{"line":52,"column":19}}},"fnMap":{"0":{"name":"(anonymous_1)","decl":{"start":{"line":25,"column":8},"end":{"line":25,"column":9}},"loc":{"start":{"line":25,"column":61},"end":{"line":29,"column":1}}},"1":{"name":"(anonymous_2)","decl":{"start":{"line":32,"column":20},"end":{"line":32,"column":21}},"loc":{"start":{"line":32,"column":54},"end":{"line":32,"column":80}}},"2":{"name":"(anonymous_3)","decl":{"start":{"line":38,"column":8},"end":{"line":38,"column":9}},"loc":{"start":{"line":38,"column":40},"end":{"line":40,"column":1}}},"3":{"name":"(anonymous_4)","decl":{"start":{"line":43,"column":8},"end":{"line":43,"column":9}},"loc":{"start":{"line":43,"column":52},"end":{"line":50,"column":1}}}},"branchMap":{"0":{"loc":{"start":{"line":11,"column":29},"end":{"line":11,"column":85}},"type":"cond-expr","locations":[{"start":{"line":11,"column":69},"end":{"line":11,"column":75}},{"start":{"line":11,"column":78},"end":{"line":11,"column":85}}]},"1":{"loc":{"start":{"line":44,"column":36},"end":{"line":44,"column":48}},"type":"cond-expr","locations":[{"start":{"line":44,"column":39},"end":{"line":44,"column":41}},{"start":{"line":44,"column":36},"end":{"line":44,"column":48}}]},"2":{"loc":{"start":{"line":44,"column":36},"end":{"line":44,"column":41}},"type":"binary-expr","locations":[{"start":{"line":44,"column":36},"end":{"line":44,"column":41}},{"start":{"line":44,"column":36},"end":{"line":44,"column":41}}]},"3":{"loc":{"start":{"line":44,"column":57},"end":{"line":44,"column":67}},"type":"cond-expr","locations":[{"start":{"line":44,"column":60},"end":{"line":44,"column":62}},{"start":{"line":44,"column":57},"end":{"line":44,"column":67}}]},"4":{"loc":{"start":{"line":44,"column":57},"end":{"line":44,"column":62}},"type":"binary-expr","locations":[{"start":{"line":44,"column":57},"end":{"line":44,"column":62}},{"start":{"line":44,"column":57},"end":{"line":44,"column":62}}]},"5":{"loc":{"start":{"line":47,"column":21},"end":{"line":47,"column":89}},"type":"cond-expr","locations":[{"start":{"line":47,"column":73},"end":{"line":47,"column":83}},{"start":{"line":47,"column":86},"end":{"line":47,"column":89}}]},"6":{"loc":{"start":{"line":47,"column":21},"end":{"line":47,"column":70}},"type":"binary-expr","locations":[{"start":{"line":47,"column":21},"end":{"line":47,"column":36}},{"start":{"line":47,"column":40},"end":{"line":47,"column":70}}]},"7":{"loc":{"start":{"line":49,"column":39},"end":{"line":49,"column":71}},"type":"binary-expr","locations":[{"start":{"line":49,"column":39},"end":{"line":49,"column":51}},{"start":{"line":49,"column":55},"end":{"line":49,"column":71}}]},"8":{"loc":{"start":{"line":49,"column":39},"end":{"line":49,"column":51}},"type":"cond-expr","locations":[{"start":{"line":49,"column":42},"end":{"line":49,"column":44}},{"start":{"line":49,"column":39},"end":{"line":49,"column":51}}]},"9":{"loc":{"start":{"line":49,"column":39},"end":{"line":49,"column":44}},"type":"binary-expr","locations":[{"start":{"line":49,"column":39},"end":{"line":49,"column":44}},{"start":{"line":49,"column":39},"end":{"line":49,"column":44}}]}},"s":{"0":1,"1":1,"2":1,"3":1,"4":1,"5":1,"6":1,"7":1,"8":1,"9":1,"10":1,"11":1,"12":1,"13":1,"14":1,"15":1,"16":1,"17":10,"18":10,"19":10,"20":1,"21":1,"22":1,"23":1,"24":1,"25":1,"26":0,"27":0,"28":0,"29":1},"f":{"0":10,"1":1,"2":1,"3":0},"b":{"0":[0,1],"1":[0,0],"2":[0,0],"3":[0,0],"4":[0,0],"5":[0,0],"6":[0,0],"7":[0,0],"8":[0,0],"9":[0,0]}}
,"C:\\ComplaintAppV1\\app-backend\\src\\lookup\\routes.ts": {"path":"C:\\ComplaintAppV1\\app-backend\\src\\lookup\\routes.ts","statementMap":{"0":{"start":{"line":1,"column":0},"end":{"line":1,"column":52}},"1":{"start":{"line":2,"column":0},"end":{"line":2,"column":38}},"2":{"start":{"line":4,"column":15},"end":{"line":4,"column":23}},"3":{"start":{"line":14,"column":17},"end":{"line":20,"column":1}},"4":{"start":{"line":15,"column":2},"end":{"line":17,"column":3}},"5":{"start":{"line":16,"column":4},"end":{"line":16,"column":24}},"6":{"start":{"line":18,"column":34},"end":{"line":18,"column":51}},"7":{"start":{"line":19,"column":2},"end":{"line":19,"column":74}},"8":{"start":{"line":23,"column":0},"end":{"line":35,"column":3}},"9":{"start":{"line":23,"column":58},"end":{"line":35,"column":2}},"10":{"start":{"line":24,"column":15},"end":{"line":24,"column":53}},"11":{"start":{"line":25,"column":2},"end":{"line":34,"column":3}},"12":{"start":{"line":26,"column":17},"end":{"line":26,"column":72}},"13":{"start":{"line":27,"column":31},"end":{"line":30,"column":7}},"14":{"start":{"line":27,"column":46},"end":{"line":30,"column":6}},"15":{"start":{"line":31,"column":4},"end":{"line":31,"column":65}},"16":{"start":{"line":33,"column":4},"end":{"line":33,"column":68}},"17":{"start":{"line":38,"column":0},"end":{"line":60,"column":3}},"18":{"start":{"line":38,"column":60},"end":{"line":60,"column":2}},"19":{"start":{"line":39,"column":15},"end":{"line":39,"column":53}},"20":{"start":{"line":40,"column":17},"end":{"line":40,"column":57}},"21":{"start":{"line":42,"column":2},"end":{"line":44,"column":3}},"22":{"start":{"line":43,"column":4},"end":{"line":43,"column":97}},"23":{"start":{"line":46,"column":2},"end":{"line":59,"column":3}},"24":{"start":{"line":48,"column":19},"end":{"line":51,"column":6}},"25":{"start":{"line":52,"column":31},"end":{"line":55,"column":7}},"26":{"start":{"line":52,"column":48},"end":{"line":55,"column":6}},"27":{"start":{"line":56,"column":4},"end":{"line":56,"column":64}},"28":{"start":{"line":58,"column":4},"end":{"line":58,"column":65}},"29":{"start":{"line":63,"column":0},"end":{"line":77,"column":3}},"30":{"start":{"line":63,"column":67},"end":{"line":77,"column":2}},"31":{"start":{"line":64,"column":2},"end":{"line":76,"column":3}},"32":{"start":{"line":65,"column":18},"end":{"line":68,"column":6}},"33":{"start":{"line":69,"column":31},"end":{"line":72,"column":7}},"34":{"start":{"line":69,"column":47},"end":{"line":72,"column":6}},"35":{"start":{"line":73,"column":4},"end":{"line":73,"column":65}},"36":{"start":{"line":75,"column":4},"end":{"line":75,"column":72}},"37":{"start":{"line":80,"column":0},"end":{"line":91,"column":3}},"38":{"start":{"line":80,"column":61},"end":{"line":91,"column":2}},"39":{"start":{"line":81,"column":2},"end":{"line":90,"column":3}},"40":{"start":{"line":82,"column":19},"end":{"line":82,"column":88}},"41":{"start":{"line":83,"column":31},"end":{"line":86,"column":7}},"42":{"start":{"line":83,"column":48},"end":{"line":86,"column":6}},"43":{"start":{"line":87,"column":4},"end":{"line":87,"column":65}},"44":{"start":{"line":89,"column":4},"end":{"line":89,"column":76}},"45":{"start":{"line":94,"column":0},"end":{"line":105,"column":3}},"46":{"start":{"line":94,"column":66},"end":{"line":105,"column":2}},"47":{"start":{"line":95,"column":2},"end":{"line":104,"column":3}},"48":{"start":{"line":96,"column":18},"end":{"line":96,"column":83}},"49":{"start":{"line":97,"column":31},"end":{"line":100,"column":7}},"50":{"start":{"line":97,"column":47},"end":{"line":100,"column":6}},"51":{"start":{"line":101,"column":4},"end":{"line":101,"column":65}},"52":{"start":{"line":103,"column":4},"end":{"line":103,"column":70}},"53":{"start":{"line":108,"column":0},"end":{"line":119,"column":3}},"54":{"start":{"line":108,"column":75},"end":{"line":119,"column":2}},"55":{"start":{"line":109,"column":2},"end":{"line":118,"column":3}},"56":{"start":{"line":110,"column":23},"end":{"line":110,"column":96}},"57":{"start":{"line":111,"column":31},"end":{"line":114,"column":7}},"58":{"start":{"line":111,"column":52},"end":{"line":114,"column":6}},"59":{"start":{"line":115,"column":4},"end":{"line":115,"column":65}},"60":{"start":{"line":117,"column":4},"end":{"line":117,"column":79}},"61":{"start":{"line":121,"column":0},"end":{"line":121,"column":22}}},"fnMap":{"0":{"name":"(anonymous_8)","decl":{"start":{"line":14,"column":17},"end":{"line":14,"column":18}},"loc":{"start":{"line":14,"column":89},"end":{"line":20,"column":1}}},"1":{"name":"(anonymous_9)","decl":{"start":{"line":23,"column":20},"end":{"line":23,"column":27}},"loc":{"start":{"line":23,"column":58},"end":{"line":35,"column":2}}},"2":{"name":"(anonymous_10)","decl":{"start":{"line":23,"column":58},"end":{"line":23,"column":null}},"loc":{"start":{"line":23,"column":58},"end":{"line":35,"column":1}}},"3":{"name":"(anonymous_11)","decl":{"start":{"line":27,"column":40},"end":{"line":27,"column":41}},"loc":{"start":{"line":27,"column":46},"end":{"line":30,"column":6}}},"4":{"name":"(anonymous_12)","decl":{"start":{"line":38,"column":22},"end":{"line":38,"column":29}},"loc":{"start":{"line":38,"column":60},"end":{"line":60,"column":2}}},"5":{"name":"(anonymous_13)","decl":{"start":{"line":38,"column":60},"end":{"line":38,"column":null}},"loc":{"start":{"line":38,"column":60},"end":{"line":60,"column":1}}},"6":{"name":"(anonymous_14)","decl":{"start":{"line":52,"column":42},"end":{"line":52,"column":43}},"loc":{"start":{"line":52,"column":48},"end":{"line":55,"column":6}}},"7":{"name":"(anonymous_15)","decl":{"start":{"line":63,"column":28},"end":{"line":63,"column":35}},"loc":{"start":{"line":63,"column":67},"end":{"line":77,"column":2}}},"8":{"name":"(anonymous_16)","decl":{"start":{"line":63,"column":67},"end":{"line":63,"column":null}},"loc":{"start":{"line":63,"column":67},"end":{"line":77,"column":1}}},"9":{"name":"(anonymous_17)","decl":{"start":{"line":69,"column":41},"end":{"line":69,"column":42}},"loc":{"start":{"line":69,"column":47},"end":{"line":72,"column":6}}},"10":{"name":"(anonymous_18)","decl":{"start":{"line":80,"column":22},"end":{"line":80,"column":29}},"loc":{"start":{"line":80,"column":61},"end":{"line":91,"column":2}}},"11":{"name":"(anonymous_19)","decl":{"start":{"line":80,"column":61},"end":{"line":80,"column":null}},"loc":{"start":{"line":80,"column":61},"end":{"line":91,"column":1}}},"12":{"name":"(anonymous_20)","decl":{"start":{"line":83,"column":42},"end":{"line":83,"column":43}},"loc":{"start":{"line":83,"column":48},"end":{"line":86,"column":6}}},"13":{"name":"(anonymous_21)","decl":{"start":{"line":94,"column":27},"end":{"line":94,"column":34}},"loc":{"start":{"line":94,"column":66},"end":{"line":105,"column":2}}},"14":{"name":"(anonymous_22)","decl":{"start":{"line":94,"column":66},"end":{"line":94,"column":null}},"loc":{"start":{"line":94,"column":66},"end":{"line":105,"column":1}}},"15":{"name":"(anonymous_23)","decl":{"start":{"line":97,"column":41},"end":{"line":97,"column":42}},"loc":{"start":{"line":97,"column":47},"end":{"line":100,"column":6}}},"16":{"name":"(anonymous_24)","decl":{"start":{"line":108,"column":36},"end":{"line":108,"column":43}},"loc":{"start":{"line":108,"column":75},"end":{"line":119,"column":2}}},"17":{"name":"(anonymous_25)","decl":{"start":{"line":108,"column":75},"end":{"line":108,"column":null}},"loc":{"start":{"line":108,"column":75},"end":{"line":119,"column":1}}},"18":{"name":"(anonymous_26)","decl":{"start":{"line":111,"column":46},"end":{"line":111,"column":47}},"loc":{"start":{"line":111,"column":52},"end":{"line":114,"column":6}}}},"branchMap":{"0":{"loc":{"start":{"line":15,"column":2},"end":{"line":17,"column":3}},"type":"if","locations":[{"start":{"line":15,"column":2},"end":{"line":17,"column":3}}]},"1":{"loc":{"start":{"line":16,"column":11},"end":{"line":16,"column":23}},"type":"binary-expr","locations":[{"start":{"line":16,"column":11},"end":{"line":16,"column":16}},{"start":{"line":16,"column":20},"end":{"line":16,"column":23}}]},"2":{"loc":{"start":{"line":19,"column":9},"end":{"line":19,"column":73}},"type":"cond-expr","locations":[{"start":{"line":19,"column":26},"end":{"line":19,"column":49}},{"start":{"line":19,"column":54},"end":{"line":19,"column":72}}]},"3":{"loc":{"start":{"line":19,"column":26},"end":{"line":19,"column":49}},"type":"binary-expr","locations":[{"start":{"line":19,"column":26},"end":{"line":19,"column":36}},{"start":{"line":19,"column":40},"end":{"line":19,"column":49}}]},"4":{"loc":{"start":{"line":19,"column":54},"end":{"line":19,"column":72}},"type":"binary-expr","locations":[{"start":{"line":19,"column":54},"end":{"line":19,"column":59}},{"start":{"line":19,"column":63},"end":{"line":19,"column":72}}]},"5":{"loc":{"start":{"line":24,"column":15},"end":{"line":24,"column":53}},"type":"cond-expr","locations":[{"start":{"line":24,"column":41},"end":{"line":24,"column":45}},{"start":{"line":24,"column":48},"end":{"line":24,"column":53}}]},"6":{"loc":{"start":{"line":39,"column":15},"end":{"line":39,"column":53}},"type":"cond-expr","locations":[{"start":{"line":39,"column":41},"end":{"line":39,"column":45}},{"start":{"line":39,"column":48},"end":{"line":39,"column":53}}]},"7":{"loc":{"start":{"line":42,"column":2},"end":{"line":44,"column":3}},"type":"if","locations":[{"start":{"line":42,"column":2},"end":{"line":44,"column":3}}]}},"s":{"0":1,"1":1,"2":1,"3":1,"4":4,"5":0,"6":4,"7":4,"8":1,"9":1,"10":1,"11":1,"12":1,"13":1,"14":2,"15":1,"16":0,"17":1,"18":3,"19":3,"20":3,"21":3,"22":1,"23":2,"24":2,"25":2,"26":2,"27":2,"28":0,"29":1,"30":1,"31":1,"32":1,"33":1,"34":2,"35":1,"36":0,"37":1,"38":1,"39":1,"40":1,"41":1,"42":2,"43":1,"44":0,"45":1,"46":1,"47":1,"48":1,"49":1,"50":3,"51":1,"52":0,"53":1,"54":1,"55":1,"56":1,"57":1,"58":2,"59":1,"60":0,"61":1},"f":{"0":4,"1":1,"2":1,"3":2,"4":3,"5":3,"6":2,"7":1,"8":1,"9":2,"10":1,"11":1,"12":2,"13":1,"14":1,"15":3,"16":1,"17":1,"18":2},"b":{"0":[0],"1":[0,0],"2":[0,4],"3":[0,0],"4":[4,4],"5":[0,1],"6":[0,3],"7":[1]}}
}
