TN:
SF:src\common\prisma.ts
FNF:0
FNH:0
DA:1,3
DA:3,3
DA:4,3
LF:3
LH:3
BRF:0
BRH:0
end_of_record
TN:
SF:src\lookup\app.ts
FN:31,(anonymous_1)
FN:38,(anonymous_2)
FN:44,(anonymous_3)
FN:48,(anonymous_4)
FNF:4
FNH:3
FNDA:11,(anonymous_1)
FNDA:1,(anonymous_2)
FNDA:1,(anonymous_3)
FNDA:0,(anonymous_4)
DA:1,1
DA:2,1
DA:3,1
DA:4,1
DA:5,1
DA:6,1
DA:7,1
DA:9,1
DA:13,1
DA:14,1
DA:17,1
DA:18,1
DA:19,1
DA:20,1
DA:21,1
DA:31,1
DA:32,11
DA:33,11
DA:34,11
DA:38,1
DA:41,1
DA:44,1
DA:47,1
DA:49,0
DA:50,0
DA:56,1
LF:26
LH:24
BRDA:10,0,0,0
BRDA:10,0,1,1
BRDA:50,1,0,0
BRDA:50,1,1,0
BRDA:50,2,0,0
BRDA:50,2,1,0
BRDA:51,3,0,0
BRDA:51,3,1,0
BRF:8
BRH:1
end_of_record
TN:
SF:src\lookup\routes.ts
FN:13,getLabel
FN:20,(anonymous_9)
FN:20,(anonymous_10)
FN:25,(anonymous_11)
FN:36,(anonymous_12)
FN:36,(anonymous_13)
FN:50,(anonymous_14)
FN:61,(anonymous_15)
FN:61,(anonymous_16)
FN:67,(anonymous_17)
FN:75,(anonymous_18)
FN:75,(anonymous_19)
FN:78,(anonymous_20)
FN:86,(anonymous_21)
FN:86,(anonymous_22)
FN:89,(anonymous_23)
FN:97,(anonymous_24)
FN:97,(anonymous_25)
FN:100,(anonymous_26)
FN:108,(anonymous_27)
FNF:20
FNH:20
FNDA:4,getLabel
FNDA:1,(anonymous_9)
FNDA:1,(anonymous_10)
FNDA:2,(anonymous_11)
FNDA:3,(anonymous_12)
FNDA:3,(anonymous_13)
FNDA:2,(anonymous_14)
FNDA:1,(anonymous_15)
FNDA:1,(anonymous_16)
FNDA:2,(anonymous_17)
FNDA:1,(anonymous_18)
FNDA:1,(anonymous_19)
FNDA:2,(anonymous_20)
FNDA:1,(anonymous_21)
FNDA:1,(anonymous_22)
FNDA:3,(anonymous_23)
FNDA:1,(anonymous_24)
FNDA:1,(anonymous_25)
FNDA:3,(anonymous_26)
FNDA:1,(anonymous_27)
DA:1,1
DA:2,1
DA:4,1
DA:14,4
DA:15,4
DA:16,4
DA:20,1
DA:21,1
DA:23,1
DA:24,1
DA:25,2
DA:29,1
DA:31,0
DA:36,3
DA:37,3
DA:38,3
DA:40,3
DA:41,1
DA:42,1
DA:45,2
DA:46,2
DA:50,2
DA:54,2
DA:56,0
DA:61,1
DA:62,1
DA:63,1
DA:67,2
DA:68,1
DA:70,0
DA:75,1
DA:76,1
DA:77,1
DA:78,2
DA:79,1
DA:81,0
DA:86,1
DA:87,1
DA:88,1
DA:89,3
DA:90,1
DA:92,0
DA:97,1
DA:98,1
DA:99,1
DA:100,3
DA:101,1
DA:103,0
DA:108,1
DA:109,1
DA:114,1
DA:117,1
LF:52
LH:46
BRDA:14,0,0,0
BRDA:14,1,0,0
BRDA:14,1,1,0
BRDA:14,2,0,0
BRDA:14,2,1,0
BRDA:16,3,0,0
BRDA:16,3,1,4
BRDA:16,4,0,0
BRDA:16,4,1,0
BRDA:16,5,0,4
BRDA:16,5,1,4
BRDA:21,6,0,0
BRDA:21,6,1,1
BRDA:37,7,0,0
BRDA:37,7,1,3
BRDA:40,8,0,1
BRF:16
BRH:6
end_of_record
TN:
SF:src\trx\app.ts
FN:24,(anonymous_10)
FN:77,(anonymous_11)
FN:88,(anonymous_12)
FN:101,(anonymous_13)
FN:106,(anonymous_14)
FNF:5
FNH:4
FNDA:15,(anonymous_10)
FNDA:1,(anonymous_11)
FNDA:1,(anonymous_12)
FNDA:1,(anonymous_13)
FNDA:0,(anonymous_14)
DA:2,3
DA:3,3
DA:4,3
DA:12,3
DA:13,3
DA:14,3
DA:16,3
DA:18,3
DA:21,3
DA:24,3
DA:25,15
DA:26,15
DA:27,15
DA:28,15
DA:32,3
DA:33,3
DA:49,3
DA:50,3
DA:51,3
DA:52,3
DA:53,3
DA:56,3
DA:63,3
DA:73,3
DA:74,3
DA:77,3
DA:80,3
DA:83,3
DA:85,3
DA:89,1
DA:91,1
DA:93,1
DA:94,1
DA:98,3
DA:101,3
DA:102,1
DA:106,3
DA:107,0
DA:108,0
DA:110,3
DA:112,3
LF:41
LH:39
BRDA:107,0,0,0
BRDA:107,0,1,0
BRDA:107,1,0,0
BRDA:107,1,1,0
BRDA:107,2,0,0
BRDA:107,2,1,0
BRDA:107,3,0,0
BRDA:107,3,1,0
BRF:8
BRH:0
end_of_record
TN:
SF:src\trx\controllers\complaint.controller.ts
FN:8,(anonymous_8)
FN:19,(anonymous_9)
FN:26,(anonymous_10)
FN:33,(anonymous_11)
FN:38,(anonymous_12)
FN:38,(anonymous_13)
FN:69,mapBodyToSpParams
FNF:7
FNH:7
FNDA:40,(anonymous_8)
FNDA:3,(anonymous_9)
FNDA:3,(anonymous_10)
FNDA:3,(anonymous_11)
FNDA:3,(anonymous_12)
FNDA:3,(anonymous_13)
FNDA:3,mapBodyToSpParams
DA:2,3
DA:3,3
DA:8,3
DA:9,40
DA:10,18
DA:11,18
DA:13,18
DA:14,18
DA:15,18
DA:19,3
DA:20,3
DA:21,2
DA:22,2
DA:26,3
DA:27,3
DA:28,2
DA:29,2
DA:30,2
DA:33,3
DA:34,3
DA:38,3
DA:40,3
DA:42,3
DA:43,3
DA:46,3
DA:47,3
DA:49,3
DA:50,3
DA:52,3
DA:53,0
DA:56,3
DA:62,0
DA:63,0
DA:70,3
DA:71,2
DA:72,2
DA:73,2
DA:75,2
DA:77,2
DA:79,2
DA:126,1
DA:127,1
LF:42
LH:39
BRDA:9,0,0,22
BRDA:11,1,0,0
BRDA:11,2,0,18
BRDA:11,2,1,18
BRDA:11,2,2,18
BRDA:14,3,0,0
BRDA:20,4,0,1
BRDA:22,5,0,2
BRDA:22,5,1,0
BRDA:27,6,0,1
BRDA:30,7,0,2
BRDA:30,7,1,0
BRDA:34,8,0,0
BRDA:34,8,1,3
BRDA:34,9,0,3
BRDA:34,9,1,3
BRDA:47,10,0,3
BRDA:47,10,1,0
BRDA:49,11,0,3
BRDA:49,11,1,0
BRDA:49,12,0,3
BRDA:49,12,1,3
BRDA:49,13,0,0
BRDA:49,13,1,3
BRDA:49,14,0,3
BRDA:49,14,1,3
BRDA:49,15,0,0
BRDA:49,15,1,0
BRDA:49,16,0,0
BRDA:49,16,1,0
BRDA:50,17,0,3
BRDA:50,17,1,0
BRDA:50,18,0,3
BRDA:50,18,1,3
BRDA:50,19,0,0
BRDA:50,19,1,3
BRDA:50,20,0,3
BRDA:50,20,1,3
BRDA:50,21,0,0
BRDA:50,21,1,0
BRDA:50,22,0,0
BRDA:50,22,1,0
BRDA:52,23,0,0
BRDA:52,24,0,3
BRDA:52,24,1,3
BRDA:62,25,0,0
BRDA:62,25,1,0
BRDA:62,26,0,0
BRDA:62,26,1,0
BRDA:62,27,0,0
BRDA:62,27,1,0
BRDA:62,28,0,0
BRDA:62,28,1,0
BRDA:70,29,0,2
BRDA:72,30,0,2
BRDA:72,30,1,0
BRDA:72,31,0,2
BRDA:72,31,1,2
BRDA:73,32,0,2
BRDA:73,32,1,0
BRDA:73,33,0,2
BRDA:73,33,1,2
BRDA:75,34,0,2
BRDA:75,34,1,0
BRDA:75,35,0,2
BRDA:75,35,1,2
BRDA:75,36,0,2
BRDA:75,36,1,0
BRDA:75,37,0,2
BRDA:75,37,1,2
BRDA:77,38,0,2
BRDA:77,38,1,0
BRDA:87,39,0,0
BRDA:87,39,1,2
BRDA:87,40,0,2
BRDA:87,40,1,2
BRDA:92,41,0,2
BRDA:92,41,1,0
BRDA:92,42,0,2
BRDA:92,42,1,2
BRDA:93,43,0,2
BRDA:93,43,1,0
BRDA:93,44,0,2
BRDA:93,44,1,2
BRDA:97,45,0,2
BRDA:97,45,1,0
BRDA:97,46,0,2
BRDA:97,46,1,2
BRDA:101,47,0,0
BRDA:101,47,1,2
BRDA:101,48,0,2
BRDA:101,48,1,2
BRDA:105,49,0,0
BRDA:105,49,1,2
BRDA:105,50,0,2
BRDA:105,50,1,2
BRDA:105,51,0,2
BRDA:105,51,1,0
BRDA:105,52,0,2
BRDA:105,52,1,2
BRDA:107,53,0,0
BRDA:107,53,1,2
BRDA:107,54,0,2
BRDA:107,54,1,2
BRDA:107,55,0,0
BRDA:107,55,1,2
BRDA:107,56,0,2
BRDA:107,56,1,2
BRDA:107,57,0,2
BRDA:107,57,1,0
BRDA:107,58,0,2
BRDA:107,58,1,2
BRDA:108,59,0,2
BRDA:108,59,1,0
BRDA:108,60,0,2
BRDA:108,60,1,2
BRDA:112,61,0,0
BRDA:112,61,1,2
BRDA:112,62,0,2
BRDA:112,62,1,2
BRDA:112,63,0,2
BRDA:112,63,1,0
BRDA:112,64,0,2
BRDA:112,64,1,2
BRDA:118,65,0,2
BRDA:118,65,1,0
BRDA:118,66,0,2
BRDA:118,66,1,2
BRDA:121,67,0,0
BRDA:121,67,1,2
BRDA:121,68,0,2
BRDA:121,68,1,0
BRDA:145,69,0,1
BRDA:145,69,1,0
BRDA:145,70,0,1
BRDA:145,70,1,1
BRDA:147,71,0,1
BRDA:147,71,1,0
BRDA:147,72,0,1
BRDA:147,72,1,1
BRF:140
BRH:90
end_of_record
TN:
SF:src\trx\controllers\file.controller.ts
FN:22,saveAttachments
FN:41,(anonymous_10)
FN:41,(anonymous_11)
FNF:3
FNH:3
FNDA:2,saveAttachments
FNDA:1,(anonymous_10)
FNDA:1,(anonymous_11)
DA:2,3
DA:4,3
DA:5,3
DA:22,3
DA:27,2
DA:28,2
DA:29,2
DA:31,2
DA:32,1
DA:33,1
DA:37,1
DA:38,1
DA:41,1
DA:42,1
DA:44,1
DA:46,2
DA:49,2
DA:58,2
DA:61,1
DA:64,1
DA:66,0
LF:21
LH:20
BRDA:31,0,0,1
BRDA:31,1,0,2
BRDA:31,1,1,2
BRDA:31,2,0,0
BRDA:31,2,1,2
BRDA:31,3,0,2
BRDA:31,3,1,2
BRDA:53,4,0,2
BRDA:53,4,1,0
BRF:9
BRH:7
end_of_record
TN:
SF:src\trx\middleware\upload.middleware.ts
FN:11,ensureFileType
FN:13,(anonymous_19)
FN:32,(anonymous_20)
FN:39,validateAndProcessUploads
FNF:4
FNH:4
FNDA:4,ensureFileType
FNDA:1,(anonymous_19)
FNDA:5,(anonymous_20)
FNDA:4,validateAndProcessUploads
DA:1,3
DA:3,3
DA:4,3
DA:5,3
DA:12,4
DA:13,2
DA:14,1
DA:26,3
DA:29,3
DA:33,5
DA:34,0
DA:39,3
DA:44,4
DA:45,4
DA:47,4
DA:49,4
DA:51,4
DA:53,5
DA:54,5
DA:55,1
DA:56,1
DA:60,4
DA:61,1
DA:62,1
DA:66,3
DA:67,3
DA:68,2
DA:73,3
DA:75,3
DA:78,2
DA:79,2
LF:31
LH:30
BRDA:12,0,0,1
BRDA:15,1,0,1
BRDA:15,1,1,0
BRDA:15,2,0,1
BRDA:15,2,1,1
BRDA:33,3,0,5
BRDA:33,3,1,0
BRDA:45,4,0,0
BRDA:45,5,0,0
BRDA:45,5,1,4
BRDA:45,6,0,4
BRDA:45,6,1,4
BRDA:54,7,0,1
BRDA:54,8,0,5
BRDA:54,8,1,5
BRDA:60,9,0,1
BRDA:67,10,0,2
BRF:17
BRH:13
end_of_record
TN:
SF:src\trx\middleware\validate.ts
FN:10,(anonymous_0)
FN:11,(anonymous_1)
FNF:2
FNH:2
FNDA:3,(anonymous_0)
FNDA:8,(anonymous_1)
DA:9,3
DA:10,3
DA:11,3
DA:12,8
DA:18,8
DA:19,5
DA:24,3
DA:26,3
DA:27,3
DA:28,3
DA:30,3
LF:11
LH:11
BRDA:18,0,0,5
BRDA:27,1,0,0
BRDA:28,2,0,0
BRF:3
BRH:1
end_of_record
TN:
SF:src\trx\routes\complaints.routes.ts
FNF:0
FNH:0
DA:2,3
DA:3,3
DA:4,3
DA:7,3
DA:8,3
DA:9,3
DA:11,3
DA:14,3
DA:21,3
DA:27,3
LF:10
LH:10
BRF:0
BRH:0
end_of_record
TN:
SF:src\trx\schemas\complaint.schema.ts
FN:7,(anonymous_0)
FN:8,(anonymous_1)
FN:22,(anonymous_2)
FN:51,(anonymous_3)
FN:115,(anonymous_4)
FNF:5
FNH:5
FNDA:90,(anonymous_0)
FNDA:252,(anonymous_1)
FNDA:14,(anonymous_2)
FNDA:10,(anonymous_3)
FNDA:2,(anonymous_4)
DA:1,3
DA:3,3
DA:4,3
DA:7,3
DA:8,252
DA:12,3
DA:22,14
DA:39,3
DA:51,10
DA:72,3
DA:81,3
DA:89,3
DA:91,3
DA:101,3
DA:111,3
DA:112,3
DA:115,3
DA:116,2
DA:117,2
DA:118,0
DA:126,0
DA:128,0
DA:129,0
DA:136,0
DA:138,0
DA:139,0
DA:145,0
DA:146,0
DA:155,3
DA:157,3
DA:159,3
DA:166,3
DA:199,3
LF:33
LH:24
BRDA:8,0,0,218
BRDA:8,0,1,34
BRDA:8,1,0,252
BRDA:8,1,1,34
BRDA:22,2,0,4
BRDA:22,2,1,10
BRDA:51,3,0,0
BRDA:51,3,1,10
BRDA:116,4,0,2
BRDA:116,4,1,0
BRDA:117,5,0,0
BRDA:126,6,0,0
BRDA:126,6,1,0
BRDA:126,7,0,0
BRDA:126,7,1,0
BRDA:126,8,0,0
BRDA:126,8,1,0
BRDA:127,9,0,0
BRDA:127,9,1,0
BRDA:127,10,0,0
BRDA:127,10,1,0
BRDA:128,11,0,0
BRDA:136,12,0,0
BRDA:136,12,1,0
BRDA:136,13,0,0
BRDA:136,13,1,0
BRDA:136,14,0,0
BRDA:136,14,1,0
BRDA:137,15,0,0
BRDA:137,15,1,0
BRDA:137,16,0,0
BRDA:137,16,1,0
BRDA:138,17,0,0
BRDA:145,18,0,0
BRDA:145,19,0,0
BRDA:145,19,1,0
BRDA:145,20,0,0
BRDA:145,20,1,0
BRF:38
BRH:8
end_of_record
TN:
SF:src\trx\services\clamav.service.ts
FN:11,scanBuffer
FNF:1
FNH:0
FNDA:0,scanBuffer
DA:11,2
DA:14,0
LF:2
LH:1
BRF:0
BRH:0
end_of_record
TN:
SF:src\trx\services\complaint.service.ts
FN:33,createComplaint
FNF:1
FNH:0
FNDA:0,createComplaint
DA:1,1
DA:33,1
DA:36,0
DA:68,0
DA:69,0
DA:71,0
DA:78,1
LF:7
LH:3
BRDA:46,0,0,0
BRDA:46,0,1,0
BRDA:46,1,0,0
BRDA:46,1,1,0
BRDA:47,2,0,0
BRDA:47,2,1,0
BRDA:47,3,0,0
BRDA:47,3,1,0
BRDA:48,4,0,0
BRDA:48,4,1,0
BRDA:48,5,0,0
BRDA:48,5,1,0
BRDA:49,6,0,0
BRDA:49,6,1,0
BRDA:49,7,0,0
BRDA:49,7,1,0
BRDA:53,8,0,0
BRDA:53,8,1,0
BRDA:53,9,0,0
BRDA:53,9,1,0
BRDA:54,10,0,0
BRDA:54,10,1,0
BRDA:54,11,0,0
BRDA:54,11,1,0
BRDA:65,12,0,0
BRDA:65,12,1,0
BRDA:65,13,0,0
BRDA:65,13,1,0
BRDA:68,14,0,0
BRDA:68,14,1,0
BRDA:68,15,0,0
BRDA:68,15,1,0
BRDA:69,16,0,0
BRF:33
BRH:0
end_of_record
